<?xml version="1.0" encoding="UTF-8"?>
<!-- Generated by org.testng.reporters.JUnitReportReporter -->
<testsuite hostname="Guminis-Mac-mini.local" name="com.lua.webbuyer.test.TestLoginPage" tests="1" failures="0" timestamp="7 May 2018 21:34:14 GMT" time="61.510" errors="1">
  <testcase name="testeCompradois" time="61.510" classname="com.lua.webbuyer.test.TestLoginPage">
    <error type="java.lang.AssertionError" message="Test Failed: Produto não encontrado: dfvfdvdv">
      <![CDATA[java.lang.AssertionError: Test Failed: Produto não encontrado: dfvfdvdv
	at com.lua.webbuyer.actions.ActionsBuyer.productBuy(ActionsBuyer.java:68)
	at com.lua.webbuyer.test.TestLoginPage.testeCompradois(TestLoginPage.java:44)
]]>
    </error>
  </testcase> <!-- testeCompradois -->
</testsuite> <!-- com.lua.webbuyer.test.TestLoginPage -->
