<?xml version="1.0" encoding="UTF-8"?>
<!-- Generated by org.testng.reporters.JUnitReportReporter -->
<testsuite hostname="Guminis-Mac-mini.local" name="com.lua.webbuyer.test.TestesNegativos" tests="7" failures="2" timestamp="18 May 2018 19:32:15 GMT" time="83.518" errors="2">
  <testcase name="testeEmailInvalido" time="16.904" classname="com.lua.webbuyer.test.TestesNegativos"/>
  <testcase name="testeNomeInvalido" time="5.894" classname="com.lua.webbuyer.test.TestesNegativos">
    <failure type="org.openqa.selenium.SessionNotCreatedException" message="Tried to run command without establishing a connection
Build info: version: &#039;3.11.0&#039;, revision: &#039;e59cfb3&#039;, time: &#039;2018-03-11T20:26:55.152Z&#039;
System info: host: &#039;Guminis-Mac-mini.local&#039;, ip: &#039;fe80:0:0:0:14df:14b4:e921:a3b6%en0&#039;, os.name: &#039;Mac OS X&#039;, os.arch: &#039;x86_64&#039;, os.version: &#039;10.13.4&#039;, java.version: &#039;1.8.0_161&#039;
Driver info: org.openqa.selenium.firefox.FirefoxDriver
Capabilities {acceptInsecureCerts: true, browserName: firefox, browserVersion: 54.0.1, javascriptEnabled: true, moz:accessibilityChecks: false, moz:processID: 2738, moz:profile: /var/folders/pp/1jtdrljj4ls..., pageLoadStrategy: normal, platform: MAC, platformName: MAC, platformVersion: 17.5.0, rotatable: false, specificationLevel: 0, timeouts: {implicit: 0, pageLoad: 300000, script: 30000}}
Session ID: 094b434a-0f20-c346-944b-05e0d3f70dda">
      <![CDATA[org.openqa.selenium.SessionNotCreatedException: Tried to run command without establishing a connection
Build info: version: '3.11.0', revision: 'e59cfb3', time: '2018-03-11T20:26:55.152Z'
System info: host: 'Guminis-Mac-mini.local', ip: 'fe80:0:0:0:14df:14b4:e921:a3b6%en0', os.name: 'Mac OS X', os.arch: 'x86_64', os.version: '10.13.4', java.version: '1.8.0_161'
Driver info: org.openqa.selenium.firefox.FirefoxDriver
Capabilities {acceptInsecureCerts: true, browserName: firefox, browserVersion: 54.0.1, javascriptEnabled: true, moz:accessibilityChecks: false, moz:processID: 2738, moz:profile: /var/folders/pp/1jtdrljj4ls..., pageLoadStrategy: normal, platform: MAC, platformName: MAC, platformVersion: 17.5.0, rotatable: false, specificationLevel: 0, timeouts: {implicit: 0, pageLoad: 300000, script: 30000}}
Session ID: 094b434a-0f20-c346-944b-05e0d3f70dda
	at org.openqa.selenium.remote.http.W3CHttpResponseCodec.createException(W3CHttpResponseCodec.java:187)
	at org.openqa.selenium.remote.http.W3CHttpResponseCodec.decode(W3CHttpResponseCodec.java:122)
	at org.openqa.selenium.remote.http.W3CHttpResponseCodec.decode(W3CHttpResponseCodec.java:49)
	at org.openqa.selenium.remote.HttpCommandExecutor.execute(HttpCommandExecutor.java:158)
	at org.openqa.selenium.remote.service.DriverCommandExecutor.execute(DriverCommandExecutor.java:83)
	at org.openqa.selenium.remote.RemoteWebDriver.execute(RemoteWebDriver.java:545)
	at org.openqa.selenium.remote.RemoteWebDriver.execute(RemoteWebDriver.java:602)
	at org.openqa.selenium.remote.RemoteWebDriver.getScreenshotAs(RemoteWebDriver.java:291)
	at com.lua.webbuyer.utils.getScreenshot.Capture(getScreenshot.java:24)
	at com.lua.webbuyer.resources.ReportExtent.getResult(ReportExtent.java:81)
]]>
    </failure>
  </testcase> <!-- testeNomeInvalido -->
  <testcase name="testeCpfInvalido" time="14.019" classname="com.lua.webbuyer.test.TestesNegativos">
    <error type="junit.framework.AssertionFailedError" message="Test Failed: Mensagem de aviso não exibida ou não confere com o esperado: &#039;O campo CPF deve conter 11 caracteres.&#039; expected [true] but found [false]">
      <![CDATA[junit.framework.AssertionFailedError: Test Failed: Mensagem de aviso não exibida ou não confere com o esperado: 'O campo CPF deve conter 11 caracteres.' expected [true] but found [false]
	at junit.framework.Assert.fail(Assert.java:57)
	at com.lua.webbuyer.test.TestesNegativos.testeCpfInvalido(TestesNegativos.java:53)
]]>
    </error>
  </testcase> <!-- testeCpfInvalido -->
  <testcase name="testeEmailEmBranco" time="14.906" classname="com.lua.webbuyer.test.TestesNegativos"/>
  <testcase name="testeCpfEmBranco" time="26.428" classname="com.lua.webbuyer.test.TestesNegativos"/>
  <testcase name="testeSenhaCadastroEmBranco" time="0.002" classname="com.lua.webbuyer.test.TestesNegativos">
    <failure type="org.openqa.selenium.SessionNotCreatedException" message="Tried to run command without establishing a connection
Build info: version: &#039;3.11.0&#039;, revision: &#039;e59cfb3&#039;, time: &#039;2018-03-11T20:26:55.152Z&#039;
System info: host: &#039;Guminis-Mac-mini.local&#039;, ip: &#039;fe80:0:0:0:14df:14b4:e921:a3b6%en0&#039;, os.name: &#039;Mac OS X&#039;, os.arch: &#039;x86_64&#039;, os.version: &#039;10.13.4&#039;, java.version: &#039;1.8.0_161&#039;
Driver info: org.openqa.selenium.firefox.FirefoxDriver
Capabilities {acceptInsecureCerts: true, browserName: firefox, browserVersion: 54.0.1, javascriptEnabled: true, moz:accessibilityChecks: false, moz:processID: 2738, moz:profile: /var/folders/pp/1jtdrljj4ls..., pageLoadStrategy: normal, platform: MAC, platformName: MAC, platformVersion: 17.5.0, rotatable: false, specificationLevel: 0, timeouts: {implicit: 0, pageLoad: 300000, script: 30000}}
Session ID: 094b434a-0f20-c346-944b-05e0d3f70dda">
      <![CDATA[org.openqa.selenium.SessionNotCreatedException: Tried to run command without establishing a connection
Build info: version: '3.11.0', revision: 'e59cfb3', time: '2018-03-11T20:26:55.152Z'
System info: host: 'Guminis-Mac-mini.local', ip: 'fe80:0:0:0:14df:14b4:e921:a3b6%en0', os.name: 'Mac OS X', os.arch: 'x86_64', os.version: '10.13.4', java.version: '1.8.0_161'
Driver info: org.openqa.selenium.firefox.FirefoxDriver
Capabilities {acceptInsecureCerts: true, browserName: firefox, browserVersion: 54.0.1, javascriptEnabled: true, moz:accessibilityChecks: false, moz:processID: 2738, moz:profile: /var/folders/pp/1jtdrljj4ls..., pageLoadStrategy: normal, platform: MAC, platformName: MAC, platformVersion: 17.5.0, rotatable: false, specificationLevel: 0, timeouts: {implicit: 0, pageLoad: 300000, script: 30000}}
Session ID: 094b434a-0f20-c346-944b-05e0d3f70dda
	at org.openqa.selenium.remote.http.W3CHttpResponseCodec.createException(W3CHttpResponseCodec.java:187)
	at org.openqa.selenium.remote.http.W3CHttpResponseCodec.decode(W3CHttpResponseCodec.java:122)
	at org.openqa.selenium.remote.http.W3CHttpResponseCodec.decode(W3CHttpResponseCodec.java:49)
	at org.openqa.selenium.remote.HttpCommandExecutor.execute(HttpCommandExecutor.java:158)
	at org.openqa.selenium.remote.service.DriverCommandExecutor.execute(DriverCommandExecutor.java:83)
	at org.openqa.selenium.remote.RemoteWebDriver.execute(RemoteWebDriver.java:545)
	at org.openqa.selenium.remote.RemoteWebDriver.execute(RemoteWebDriver.java:602)
	at org.openqa.selenium.remote.RemoteWebDriver.getScreenshotAs(RemoteWebDriver.java:291)
	at com.lua.webbuyer.utils.getScreenshot.Capture(getScreenshot.java:24)
	at com.lua.webbuyer.resources.ReportExtent.getResult(ReportExtent.java:81)
]]>
    </failure>
  </testcase> <!-- testeSenhaCadastroEmBranco -->
  <testcase name="testeNomeEmBranco" time="5.365" classname="com.lua.webbuyer.test.TestesNegativos">
    <error type="junit.framework.AssertionFailedError" message="Test Failed: Botão &#039;Menu Hamburguer&#039; não encontrado!">
      <![CDATA[junit.framework.AssertionFailedError: Test Failed: Botão 'Menu Hamburguer' não encontrado!
	at junit.framework.Assert.fail(Assert.java:57)
	at com.lua.webbuyer.test.TestesNegativos.testeNomeEmBranco(TestesNegativos.java:66)
]]>
    </error>
  </testcase> <!-- testeNomeEmBranco -->
</testsuite> <!-- com.lua.webbuyer.test.TestesNegativos -->
