<?xml version="1.0" encoding="UTF-8"?>
<!-- Generated by org.testng.reporters.JUnitReportReporter -->
<testsuite hostname="Guminis-Mac-mini.local" name="com.lua.webbuyer.selenium.webbuyer.TestApp" tests="1" failures="1" timestamp="2 May 2018 18:31:24 GMT" time="10.511" errors="0">
  <testcase name="testingBuyer" time="10.511" classname="com.lua.webbuyer.selenium.webbuyer.TestApp">
    <failure type="org.openqa.selenium.NoSuchElementException" message="Unable to locate element: .//div[@class=&#039;sk-double-bounce sk-spinner source-components-Loading-___Loading__spinner___dEAFF&#039;]
For documentation on this error, please visit: http://seleniumhq.org/exceptions/no_such_element.html
Build info: version: &#039;3.11.0&#039;, revision: &#039;e59cfb3&#039;, time: &#039;2018-03-11T20:26:55.152Z&#039;
System info: host: &#039;Guminis-Mac-mini.local&#039;, ip: &#039;fe80:0:0:0:e9:1daa:97f0:d88a%en0&#039;, os.name: &#039;Mac OS X&#039;, os.arch: &#039;x86_64&#039;, os.version: &#039;10.13.4&#039;, java.version: &#039;1.8.0_161&#039;
Driver info: org.openqa.selenium.firefox.FirefoxDriver
Capabilities {acceptInsecureCerts: true, browserName: firefox, browserVersion: 54.0.1, javascriptEnabled: true, moz:accessibilityChecks: false, moz:processID: 38761, moz:profile: /var/folders/pp/1jtdrljj4ls..., pageLoadStrategy: normal, platform: MAC, platformName: MAC, platformVersion: 17.5.0, rotatable: false, specificationLevel: 0, timeouts: {implicit: 0, pageLoad: 300000, script: 30000}}
Session ID: 2712fda9-c728-f54d-adf9-d87836002ea1
*** Element info: {Using=xpath, value=.//div[@class=&#039;sk-double-bounce sk-spinner source-components-Loading-___Loading__spinner___dEAFF&#039;]}">
      <![CDATA[org.openqa.selenium.NoSuchElementException: Unable to locate element: .//div[@class='sk-double-bounce sk-spinner source-components-Loading-___Loading__spinner___dEAFF']
For documentation on this error, please visit: http://seleniumhq.org/exceptions/no_such_element.html
Build info: version: '3.11.0', revision: 'e59cfb3', time: '2018-03-11T20:26:55.152Z'
System info: host: 'Guminis-Mac-mini.local', ip: 'fe80:0:0:0:e9:1daa:97f0:d88a%en0', os.name: 'Mac OS X', os.arch: 'x86_64', os.version: '10.13.4', java.version: '1.8.0_161'
Driver info: org.openqa.selenium.firefox.FirefoxDriver
Capabilities {acceptInsecureCerts: true, browserName: firefox, browserVersion: 54.0.1, javascriptEnabled: true, moz:accessibilityChecks: false, moz:processID: 38761, moz:profile: /var/folders/pp/1jtdrljj4ls..., pageLoadStrategy: normal, platform: MAC, platformName: MAC, platformVersion: 17.5.0, rotatable: false, specificationLevel: 0, timeouts: {implicit: 0, pageLoad: 300000, script: 30000}}
Session ID: 2712fda9-c728-f54d-adf9-d87836002ea1
*** Element info: {Using=xpath, value=.//div[@class='sk-double-bounce sk-spinner source-components-Loading-___Loading__spinner___dEAFF']}
	at org.openqa.selenium.remote.http.W3CHttpResponseCodec.createException(W3CHttpResponseCodec.java:187)
	at org.openqa.selenium.remote.http.W3CHttpResponseCodec.decode(W3CHttpResponseCodec.java:122)
	at org.openqa.selenium.remote.http.W3CHttpResponseCodec.decode(W3CHttpResponseCodec.java:49)
	at org.openqa.selenium.remote.HttpCommandExecutor.execute(HttpCommandExecutor.java:158)
	at org.openqa.selenium.remote.service.DriverCommandExecutor.execute(DriverCommandExecutor.java:83)
	at org.openqa.selenium.remote.RemoteWebDriver.execute(RemoteWebDriver.java:545)
	at org.openqa.selenium.remote.RemoteWebDriver.findElement(RemoteWebDriver.java:319)
	at org.openqa.selenium.remote.RemoteWebDriver.findElementByXPath(RemoteWebDriver.java:421)
	at org.openqa.selenium.By$ByXPath.findElement(By.java:361)
	at org.openqa.selenium.remote.RemoteWebDriver.findElement(RemoteWebDriver.java:311)
	at com.lua.webbuyer.utils.Actions.loadingWait(Actions.java:63)
	at com.lua.webbuyer.utils.Common.logIn(Common.java:19)
	at com.lua.webbuyer.PageObjects.LoginPage.performLogin(LoginPage.java:32)
	at com.lua.webbuyer.selenium.webbuyer.TestBuyer.testCompra(TestBuyer.java:35)
	at com.lua.webbuyer.selenium.webbuyer.TestApp.testingBuyer(TestApp.java:72)
]]>
    </failure>
  </testcase> <!-- testingBuyer -->
</testsuite> <!-- com.lua.webbuyer.selenium.webbuyer.TestApp -->
