<?xml version="1.0" encoding="UTF-8"?>
<!-- Generated by org.testng.reporters.JUnitReportReporter -->
<testsuite hostname="MACBOOK-010.local" name="com.lua.webbuyer.selenium.webbuyer.TestBuyer" tests="1" failures="0" timestamp="3 May 2018 02:59:02 GMT" time="65.155" errors="1">
  <testcase name="testeCompraSequencial" time="65.155" classname="com.lua.webbuyer.selenium.webbuyer.TestBuyer">
    <error type="java.lang.AssertionError" message="Teste Failed: Expected condition failed: waiting for presence of element located by: By.xpath: .//button[text()[contains(.,&#039;Finalizar Compra&#039;)]] (tried for 30 second(s) with 1000 milliseconds interval)">
      <![CDATA[java.lang.AssertionError: Teste Failed: Expected condition failed: waiting for presence of element located by: By.xpath: .//button[text()[contains(.,'Finalizar Compra')]] (tried for 30 second(s) with 1000 milliseconds interval)
	at com.lua.webbuyer.selenium.webbuyer.TestBuyer.testeCompraSequencial(TestBuyer.java:37)
]]>
    </error>
  </testcase> <!-- testeCompraSequencial -->
</testsuite> <!-- com.lua.webbuyer.selenium.webbuyer.TestBuyer -->
