<?xml version="1.0" encoding="UTF-8"?>
<!-- Generated by org.testng.reporters.JUnitReportReporter -->
<testsuite hostname="Guminis-Mac-mini.local" name="com.lua.webbuyer.test.TestBuyer" tests="1" failures="0" timestamp="9 May 2018 20:00:25 GMT" time="92.539" errors="1">
  <testcase name="compraSequencial" time="92.539" classname="com.lua.webbuyer.test.TestBuyer">
    <error type="java.lang.AssertionError" message="Test Failed">
      <![CDATA[java.lang.AssertionError: Test Failed
	at com.lua.webbuyer.test.TestBuyer.compraSequencial(TestBuyer.java:40)
]]>
    </error>
  </testcase> <!-- compraSequencial -->
</testsuite> <!-- com.lua.webbuyer.test.TestBuyer -->
