<?xml version="1.0" encoding="UTF-8"?>
<!-- Generated by org.testng.reporters.JUnitReportReporter -->
<testsuite hostname="Guminis-Mac-mini.local" name="com.lua.webbuyer.extent.reports.DummyForExReport" tests="2" failures="0" timestamp="4 May 2018 20:48:14 GMT" time="67.458" errors="1">
  <testcase name="methodTwo" time="51.200" classname="com.lua.webbuyer.extent.reports.DummyForExReport">
    <error type="java.lang.AssertionError">
      <![CDATA[java.lang.AssertionError
	at com.lua.webbuyer.extent.reports.DummyForExReport.methodTwo(DummyForExReport.java:47)
]]>
    </error>
  </testcase> <!-- methodTwo -->
  <testcase name="methodOne" time="16.258" classname="com.lua.webbuyer.extent.reports.DummyForExReport"/>
</testsuite> <!-- com.lua.webbuyer.extent.reports.DummyForExReport -->
