<?xml version="1.0" encoding="UTF-8"?>
<!-- Generated by org.testng.reporters.JUnitXMLReporter -->
<testsuite hostname="Guminis-Mac-mini.local" name="Teste Compras" tests="2" failures="1" timestamp="2 May 2018 21:12:23 GMT" time="36.425" errors="0">
  <testcase name="@BeforeClass setupClass" time="0.0" classname="com.lua.webbuyer.selenium.webbuyer.LoginPageTests">
    <failure type="org.openqa.selenium.NoSuchWindowException" message="Unable to locate window
Build info: version: &amp;apos;3.11.0&amp;apos;, revision: &amp;apos;e59cfb3&amp;apos;, time: &amp;apos;2018-03-11T20:26:55.152Z&amp;apos;
System info: host: &amp;apos;Guminis-Mac-mini.local&amp;apos;, ip: &amp;apos;fe80:0:0:0:e9:1daa:97f0:d88a%en0&amp;apos;, os.name: &amp;apos;Mac OS X&amp;apos;, os.arch: &amp;apos;x86_64&amp;apos;, os.version: &amp;apos;10.13.4&amp;apos;, java.version: &amp;apos;1.8.0_161&amp;apos;
Driver info: org.openqa.selenium.firefox.FirefoxDriver
Capabilities {acceptInsecureCerts: true, browserName: firefox, browserVersion: 54.0.1, javascriptEnabled: true, moz:accessibilityChecks: false, moz:processID: 40087, moz:profile: /var/folders/pp/1jtdrljj4ls..., pageLoadStrategy: normal, platform: MAC, platformName: MAC, platformVersion: 17.5.0, rotatable: false, specificationLevel: 0, timeouts: {implicit: 0, pageLoad: 300000, script: 30000}}
Session ID: 7e539b5d-8d8b-ad4a-9f49-26ded73bab39">
      <![CDATA[org.openqa.selenium.NoSuchWindowException: Unable to locate window
Build info: version: '3.11.0', revision: 'e59cfb3', time: '2018-03-11T20:26:55.152Z'
System info: host: 'Guminis-Mac-mini.local', ip: 'fe80:0:0:0:e9:1daa:97f0:d88a%en0', os.name: 'Mac OS X', os.arch: 'x86_64', os.version: '10.13.4', java.version: '1.8.0_161'
Driver info: org.openqa.selenium.firefox.FirefoxDriver
Capabilities {acceptInsecureCerts: true, browserName: firefox, browserVersion: 54.0.1, javascriptEnabled: true, moz:accessibilityChecks: false, moz:processID: 40087, moz:profile: /var/folders/pp/1jtdrljj4ls..., pageLoadStrategy: normal, platform: MAC, platformName: MAC, platformVersion: 17.5.0, rotatable: false, specificationLevel: 0, timeouts: {implicit: 0, pageLoad: 300000, script: 30000}}
Session ID: 7e539b5d-8d8b-ad4a-9f49-26ded73bab39
	at org.openqa.selenium.remote.http.W3CHttpResponseCodec.createException(W3CHttpResponseCodec.java:187)
	at org.openqa.selenium.remote.http.W3CHttpResponseCodec.decode(W3CHttpResponseCodec.java:122)
	at org.openqa.selenium.remote.http.W3CHttpResponseCodec.decode(W3CHttpResponseCodec.java:49)
	at org.openqa.selenium.remote.HttpCommandExecutor.execute(HttpCommandExecutor.java:158)
	at org.openqa.selenium.remote.service.DriverCommandExecutor.execute(DriverCommandExecutor.java:83)
	at org.openqa.selenium.remote.RemoteWebDriver.execute(RemoteWebDriver.java:545)
	at org.openqa.selenium.remote.RemoteWebDriver$RemoteWebDriverOptions$RemoteWindow.setSize(RemoteWebDriver.java:801)
	at com.lua.webbuyer.selenium.webbuyer.LoginPageTests.setupClass(LoginPageTests.java:31)
... Removed 28 stack frames]]>
    </failure>
  </testcase> <!-- @BeforeClass setupClass -->
  <testcase name="@AfterClass endSession" time="0.0" classname="com.lua.webbuyer.selenium.webbuyer.LoginPageTests">
    <skipped/>
  </testcase> <!-- @AfterClass endSession -->
  <testcase name="testeCompra" time="25.025" classname="com.lua.webbuyer.selenium.webbuyer.TestBuyer">
    <failure type="org.openqa.selenium.NoSuchWindowException" message="Unable to locate window
Build info: version: &amp;apos;3.11.0&amp;apos;, revision: &amp;apos;e59cfb3&amp;apos;, time: &amp;apos;2018-03-11T20:26:55.152Z&amp;apos;
System info: host: &amp;apos;Guminis-Mac-mini.local&amp;apos;, ip: &amp;apos;fe80:0:0:0:e9:1daa:97f0:d88a%en0&amp;apos;, os.name: &amp;apos;Mac OS X&amp;apos;, os.arch: &amp;apos;x86_64&amp;apos;, os.version: &amp;apos;10.13.4&amp;apos;, java.version: &amp;apos;1.8.0_161&amp;apos;
Driver info: org.openqa.selenium.firefox.FirefoxDriver
Capabilities {acceptInsecureCerts: true, browserName: firefox, browserVersion: 54.0.1, javascriptEnabled: true, moz:accessibilityChecks: false, moz:processID: 40087, moz:profile: /var/folders/pp/1jtdrljj4ls..., pageLoadStrategy: normal, platform: MAC, platformName: MAC, platformVersion: 17.5.0, rotatable: false, specificationLevel: 0, timeouts: {implicit: 0, pageLoad: 300000, script: 30000}}
Session ID: 7e539b5d-8d8b-ad4a-9f49-26ded73bab39
*** Element info: {Using=xpath, value=.//button[text()[contains(.,&amp;apos;Finalizar Compra&amp;apos;)]]}">
      <![CDATA[org.openqa.selenium.NoSuchWindowException: Unable to locate window
Build info: version: '3.11.0', revision: 'e59cfb3', time: '2018-03-11T20:26:55.152Z'
System info: host: 'Guminis-Mac-mini.local', ip: 'fe80:0:0:0:e9:1daa:97f0:d88a%en0', os.name: 'Mac OS X', os.arch: 'x86_64', os.version: '10.13.4', java.version: '1.8.0_161'
Driver info: org.openqa.selenium.firefox.FirefoxDriver
Capabilities {acceptInsecureCerts: true, browserName: firefox, browserVersion: 54.0.1, javascriptEnabled: true, moz:accessibilityChecks: false, moz:processID: 40087, moz:profile: /var/folders/pp/1jtdrljj4ls..., pageLoadStrategy: normal, platform: MAC, platformName: MAC, platformVersion: 17.5.0, rotatable: false, specificationLevel: 0, timeouts: {implicit: 0, pageLoad: 300000, script: 30000}}
Session ID: 7e539b5d-8d8b-ad4a-9f49-26ded73bab39
*** Element info: {Using=xpath, value=.//button[text()[contains(.,'Finalizar Compra')]]}
	at org.openqa.selenium.remote.http.W3CHttpResponseCodec.createException(W3CHttpResponseCodec.java:187)
	at org.openqa.selenium.remote.http.W3CHttpResponseCodec.decode(W3CHttpResponseCodec.java:122)
	at org.openqa.selenium.remote.http.W3CHttpResponseCodec.decode(W3CHttpResponseCodec.java:49)
	at org.openqa.selenium.remote.HttpCommandExecutor.execute(HttpCommandExecutor.java:158)
	at org.openqa.selenium.remote.service.DriverCommandExecutor.execute(DriverCommandExecutor.java:83)
	at org.openqa.selenium.remote.RemoteWebDriver.execute(RemoteWebDriver.java:545)
	at org.openqa.selenium.remote.RemoteWebDriver.findElements(RemoteWebDriver.java:346)
	at org.openqa.selenium.remote.RemoteWebDriver.findElementsByXPath(RemoteWebDriver.java:425)
	at org.openqa.selenium.By$ByXPath.findElements(By.java:356)
	at org.openqa.selenium.remote.RemoteWebDriver.findElements(RemoteWebDriver.java:307)
	at org.openqa.selenium.support.ui.ExpectedConditions.findElement(ExpectedConditions.java:895)
	at org.openqa.selenium.support.ui.ExpectedConditions.access$000(ExpectedConditions.java:44)
	at org.openqa.selenium.support.ui.ExpectedConditions$6.apply(ExpectedConditions.java:183)
	at org.openqa.selenium.support.ui.ExpectedConditions$6.apply(ExpectedConditions.java:180)
	at org.openqa.selenium.support.ui.FluentWait.until(FluentWait.java:248)
	at com.lua.webbuyer.utils.Actions.click(Actions.java:36)
	at com.lua.webbuyer.PageObjects.PurchasePage.finalizarCompraBtn(PurchasePage.java:23)
	at com.lua.webbuyer.selenium.webbuyer.TestBuyer.testeCompra(TestBuyer.java:62)
]]>
    </failure>
  </testcase> <!-- testeCompra -->
  <testcase name="testingBuyer" time="0.004" classname="com.lua.webbuyer.selenium.webbuyer.LoginPageTests">
    <skipped/>
  </testcase> <!-- testingBuyer -->
</testsuite> <!-- Teste Compras -->
