<html>
<head>
<title>TestNG:  Teste Login(positivo)</title>
<link href="../testng.css" rel="stylesheet" type="text/css" />
<link href="../my-testng.css" rel="stylesheet" type="text/css" />

<style type="text/css">
.log { display: none;} 
.stack-trace { display: none;} 
</style>
<script type="text/javascript">
<!--
function flip(e) {
  current = e.style.display;
  if (current == 'block') {
    e.style.display = 'none';
    return 0;
  }
  else {
    e.style.display = 'block';
    return 1;
  }
}

function toggleBox(szDivId, elem, msg1, msg2)
{
  var res = -1;  if (document.getElementById) {
    res = flip(document.getElementById(szDivId));
  }
  else if (document.all) {
    // this is the way old msie versions work
    res = flip(document.all[szDivId]);
  }
  if(elem) {
    if(res == 0) elem.innerHTML = msg1; else elem.innerHTML = msg2;
  }

}

function toggleAllBoxes() {
  if (document.getElementsByTagName) {
    d = document.getElementsByTagName('div');
    for (i = 0; i < d.length; i++) {
      if (d[i].className == 'log') {
        flip(d[i]);
      }
    }
  }
}

// -->
</script>

</head>
<body>
<h2 align='center'>Teste Login(positivo)</h2><table border='1' align="center">
<tr>
<td>Tests passed/Failed/Skipped:</td><td>1/1/0</td>
</tr><tr>
<td>Started on:</td><td>Thu Apr 12 11:23:26 BRT 2018</td>
</tr>
<tr><td>Total time:</td><td>25 seconds (25217 ms)</td>
</tr><tr>
<td>Included groups:</td><td></td>
</tr><tr>
<td>Excluded groups:</td><td></td>
</tr>
</table><p/>
<small><i>(Hover the method name to see the test class name)</i></small><p/>
<table width='100%' border='1' class='invocation-failed'>
<tr><td colspan='4' align='center'><b>FAILED TESTS</b></td></tr>
<tr><td><b>Test method</b></td>
<td width="30%"><b>Exception</b></td>
<td width="10%"><b>Time (seconds)</b></td>
<td><b>Instance</b></td>
</tr>
<tr>
<td title='com.lua.webbuyer.selenium.webbuyer.TestApp.teste()'><b>teste</b><br>Test class: com.lua.webbuyer.selenium.webbuyer.TestApp<br>Parameters: teste1120@mailinator.com, 123456Aa</td>
<td><div><pre>org.openqa.selenium.NoSuchElementException: Cannot locate an element using By.xpath: .//*[@id=&apos;page-wrap&apos;]/div[3]/div[2]/div[2]/div[1]/div/div/form/div[1]/div/input
For documentation on this error, please visit: http://seleniumhq.org/exceptions/no_such_element.html
Build info: version: &apos;3.11.0&apos;, revision: &apos;e59cfb3&apos;, time: &apos;2018-03-11T20:26:55.152Z&apos;
System info: host: &apos;Guminis-Mac-mini.local&apos;, ip: &apos;fe80:0:0:0:cd6:884:bac6:4dcd%en0&apos;, os.name: &apos;Mac OS X&apos;, os.arch: &apos;x86_64&apos;, os.version: &apos;10.13.4&apos;, java.version: &apos;1.8.0_161&apos;
Driver info: driver.version: unknown
	at org.openqa.selenium.support.ui.ExpectedConditions.lambda$findElement$0(ExpectedConditions.java:896)
	at org.openqa.selenium.support.ui.ExpectedConditions.findElement(ExpectedConditions.java:895)
	at org.openqa.selenium.support.ui.ExpectedConditions.access$000(ExpectedConditions.java:44)
	at org.openqa.selenium.support.ui.ExpectedConditions$7.apply(ExpectedConditions.java:206)
	at org.openqa.selenium.support.ui.ExpectedConditions$7.apply(ExpectedConditions.java:202)
	at org.openqa.selenium.support.ui.ExpectedConditions$22.apply(ExpectedConditions.java:657)
	at org.openqa.selenium.support.ui.ExpectedConditions$22.apply(ExpectedConditions.java:654)
	at org.openqa.selenium.support.ui.FluentWait.until(FluentWait.java:248)
	at com.lua.webbuyer.selenium.webbuyer.Actions.setText(Actions.java:39)
	at com.lua.webbuyer.selenium.webbuyer.LoginPage.performLogin(LoginPage.java:23)
	at com.lua.webbuyer.selenium.webbuyer.TestBuyer.testCompra(TestBuyer.java:19)
	at com.lua.webbuyer.selenium.webbuyer.TestApp.teste(TestApp.java:67)
</pre></div><a href='#' onClick='toggleBox("stack-trace1381857776", this, "Click to show all stack frames", "Click to hide stack frames")'>Click to show all stack frames</a>
<div class='stack-trace' id='stack-trace1381857776'><pre>org.openqa.selenium.NoSuchElementException: Cannot locate an element using By.xpath: .//*[@id=&apos;page-wrap&apos;]/div[3]/div[2]/div[2]/div[1]/div/div/form/div[1]/div/input
For documentation on this error, please visit: http://seleniumhq.org/exceptions/no_such_element.html
Build info: version: &apos;3.11.0&apos;, revision: &apos;e59cfb3&apos;, time: &apos;2018-03-11T20:26:55.152Z&apos;
System info: host: &apos;Guminis-Mac-mini.local&apos;, ip: &apos;fe80:0:0:0:cd6:884:bac6:4dcd%en0&apos;, os.name: &apos;Mac OS X&apos;, os.arch: &apos;x86_64&apos;, os.version: &apos;10.13.4&apos;, java.version: &apos;1.8.0_161&apos;
Driver info: driver.version: unknown
	at org.openqa.selenium.support.ui.ExpectedConditions.lambda$findElement$0(ExpectedConditions.java:896)
	at org.openqa.selenium.support.ui.ExpectedConditions.findElement(ExpectedConditions.java:895)
	at org.openqa.selenium.support.ui.ExpectedConditions.access$000(ExpectedConditions.java:44)
	at org.openqa.selenium.support.ui.ExpectedConditions$7.apply(ExpectedConditions.java:206)
	at org.openqa.selenium.support.ui.ExpectedConditions$7.apply(ExpectedConditions.java:202)
	at org.openqa.selenium.support.ui.ExpectedConditions$22.apply(ExpectedConditions.java:657)
	at org.openqa.selenium.support.ui.ExpectedConditions$22.apply(ExpectedConditions.java:654)
	at org.openqa.selenium.support.ui.FluentWait.until(FluentWait.java:248)
	at com.lua.webbuyer.selenium.webbuyer.Actions.setText(Actions.java:39)
	at com.lua.webbuyer.selenium.webbuyer.LoginPage.performLogin(LoginPage.java:23)
	at com.lua.webbuyer.selenium.webbuyer.TestBuyer.testCompra(TestBuyer.java:19)
	at com.lua.webbuyer.selenium.webbuyer.TestApp.teste(TestApp.java:67)
</pre></div></td>
<td>6</td>
<td>com.lua.webbuyer.selenium.webbuyer.TestApp@17d677df</td></tr>
</table><p>
<table width='100%' border='1' class='invocation-passed'>
<tr><td colspan='4' align='center'><b>PASSED TESTS</b></td></tr>
<tr><td><b>Test method</b></td>
<td width="30%"><b>Exception</b></td>
<td width="10%"><b>Time (seconds)</b></td>
<td><b>Instance</b></td>
</tr>
<tr>
<td title='com.lua.webbuyer.selenium.webbuyer.TestApp.testBuyer()'><b>testBuyer</b><br>Test class: com.lua.webbuyer.selenium.webbuyer.TestApp<br>Parameters: teste1120@mailinator.com, 123456Aa</td>
<td></td>
<td>4</td>
<td>com.lua.webbuyer.selenium.webbuyer.TestApp@17d677df</td></tr>
</table><p>
</body>
</html>