<?xml version="1.0" encoding="UTF-8"?>
<!-- Generated by org.testng.reporters.JUnitXMLReporter -->
<testsuite hostname="Guminis-Mac-mini.local" name="Teste Login(positivo)" tests="2" failures="1" timestamp="12 Apr 2018 14:23:52 GMT" time="25.217" errors="0">
  <testcase name="testBuyer" time="4.508" classname="com.lua.webbuyer.selenium.webbuyer.TestApp"/>
  <testcase name="teste" time="6.464" classname="com.lua.webbuyer.selenium.webbuyer.TestApp">
    <failure type="org.openqa.selenium.NoSuchElementException" message="Cannot locate an element using By.xpath: .//*[@id=&amp;apos;page-wrap&amp;apos;]/div[3]/div[2]/div[2]/div[1]/div/div/form/div[1]/div/input
For documentation on this error, please visit: http://seleniumhq.org/exceptions/no_such_element.html
Build info: version: &amp;apos;3.11.0&amp;apos;, revision: &amp;apos;e59cfb3&amp;apos;, time: &amp;apos;2018-03-11T20:26:55.152Z&amp;apos;
System info: host: &amp;apos;Guminis-Mac-mini.local&amp;apos;, ip: &amp;apos;fe80:0:0:0:cd6:884:bac6:4dcd%en0&amp;apos;, os.name: &amp;apos;Mac OS X&amp;apos;, os.arch: &amp;apos;x86_64&amp;apos;, os.version: &amp;apos;10.13.4&amp;apos;, java.version: &amp;apos;1.8.0_161&amp;apos;
Driver info: driver.version: unknown">
      <![CDATA[org.openqa.selenium.NoSuchElementException: Cannot locate an element using By.xpath: .//*[@id='page-wrap']/div[3]/div[2]/div[2]/div[1]/div/div/form/div[1]/div/input
For documentation on this error, please visit: http://seleniumhq.org/exceptions/no_such_element.html
Build info: version: '3.11.0', revision: 'e59cfb3', time: '2018-03-11T20:26:55.152Z'
System info: host: 'Guminis-Mac-mini.local', ip: 'fe80:0:0:0:cd6:884:bac6:4dcd%en0', os.name: 'Mac OS X', os.arch: 'x86_64', os.version: '10.13.4', java.version: '1.8.0_161'
Driver info: driver.version: unknown
	at org.openqa.selenium.support.ui.ExpectedConditions.lambda$findElement$0(ExpectedConditions.java:896)
	at org.openqa.selenium.support.ui.ExpectedConditions.findElement(ExpectedConditions.java:895)
	at org.openqa.selenium.support.ui.ExpectedConditions.access$000(ExpectedConditions.java:44)
	at org.openqa.selenium.support.ui.ExpectedConditions$7.apply(ExpectedConditions.java:206)
	at org.openqa.selenium.support.ui.ExpectedConditions$7.apply(ExpectedConditions.java:202)
	at org.openqa.selenium.support.ui.ExpectedConditions$22.apply(ExpectedConditions.java:657)
	at org.openqa.selenium.support.ui.ExpectedConditions$22.apply(ExpectedConditions.java:654)
	at org.openqa.selenium.support.ui.FluentWait.until(FluentWait.java:248)
	at com.lua.webbuyer.selenium.webbuyer.Actions.setText(Actions.java:39)
	at com.lua.webbuyer.selenium.webbuyer.LoginPage.performLogin(LoginPage.java:23)
	at com.lua.webbuyer.selenium.webbuyer.TestBuyer.testCompra(TestBuyer.java:19)
	at com.lua.webbuyer.selenium.webbuyer.TestApp.teste(TestApp.java:67)
]]>
    </failure>
  </testcase> <!-- teste -->
</testsuite> <!-- Teste Login(positivo) -->
